<?xml version="1.0" encoding="UTF-8"?>
<!-- Generated by org.testng.reporters.JUnitXMLReporter -->
<testsuite ignored="1" hostname="DESKTOP-H7Q0JRS" failures="0" tests="1" name="Add Products To Cart" time="10.171" errors="0" timestamp="2024-01-26T01:49:21 EET">
  <testcase classname="testcases.TC02_Products" name="AddProductsToCart_P" time="4.18"/>
  <testcase classname="testcases.TC02_Products" name="AddRandomProductsToCart_P" time="0.0">
    <ignored/>
  </testcase> <!-- AddRandomProductsToCart_P -->
</testsuite> <!-- Add Products To Cart -->
