<?xml version="1.0" encoding="UTF-8"?>
<!-- Generated by org.testng.reporters.JUnitXMLReporter -->
<testsuite ignored="3" hostname="DESKTOP-H7Q0JRS" failures="0" tests="1" name="Login With Invalid Data" time="1.643" errors="0" timestamp="2024-01-24T23:26:59 EET">
  <testcase classname="testcases.TC01_Login" name="loginWithInvalidData_N" time="0.445"/>
  <testcase classname="testcases.TC01_Login" name="loginWithValidData_P" time="0.0">
    <ignored/>
  </testcase> <!-- loginWithValidData_P -->
  <testcase classname="testcases.TC01_Login" name="loginWithValidPassword_N" time="0.0">
    <ignored/>
  </testcase> <!-- loginWithValidPassword_N -->
  <testcase classname="testcases.TC01_Login" name="loginWithValidEmail_N" time="0.0">
    <ignored/>
  </testcase> <!-- loginWithValidEmail_N -->
</testsuite> <!-- Login With Invalid Data -->
