<?xml version="1.0" encoding="UTF-8"?>
<!-- Generated by org.testng.reporters.JUnitXMLReporter -->
<testsuite ignored="3" hostname="DESKTOP-H7Q0JRS" failures="0" tests="1" name="Login With Valid Password" time="1.529" errors="0" timestamp="2024-01-25T01:43:14 EET">
  <testcase classname="testcases.TC01_Login" name="loginWithValidPassword_N" time="0.439"/>
  <testcase classname="testcases.TC01_Login" name="loginWithValidEmail_N" time="0.0">
    <ignored/>
  </testcase> <!-- loginWithValidEmail_N -->
  <testcase classname="testcases.TC01_Login" name="loginWithInvalidData_N" time="0.0">
    <ignored/>
  </testcase> <!-- loginWithInvalidData_N -->
  <testcase classname="testcases.TC01_Login" name="loginWithValidData_P" time="0.0">
    <ignored/>
  </testcase> <!-- loginWithValidData_P -->
</testsuite> <!-- Login With Valid Password -->
