<?xml version="1.0" encoding="UTF-8"?>
<testng-results ignored="14" total="20" passed="6" failed="0" skipped="0">
  <reporter-output>
  </reporter-output>
  <suite started-at="2024-01-26T01:49:21 EET" name="All Test Suite" finished-at="2024-01-26T01:49:21 EET" duration-ms="0">
    <groups>
    </groups>
  </suite> <!-- All Test Suite -->
  <suite started-at="2024-01-26T01:48:53 EET" name="All Test Suite (0)" finished-at="2024-01-26T01:49:00 EET" duration-ms="6298">
    <groups>
    </groups>
    <test started-at="2024-01-26T01:48:53 EET" name="Login With Valid Data" finished-at="2024-01-26T01:49:00 EET" duration-ms="6298">
      <class name="testcases.TC01_Login">
        <test-method is-config="true" signature="defineSuite()[pri:0, instance:testcases.TC01_Login@4f1fb828]" started-at="2024-01-26T01:48:53 EET" name="defineSuite" finished-at="2024-01-26T01:48:53 EET" duration-ms="681" status="PASS">
          <reporter-output>
          </reporter-output>
        </test-method> <!-- defineSuite -->
        <test-method is-config="true" signature="setupDriver(java.lang.String)[pri:0, instance:testcases.TC01_Login@4f1fb828]" started-at="2024-01-26T01:48:53 EET" name="setupDriver" finished-at="2024-01-26T01:48:57 EET" duration-ms="3884" status="PASS">
          <params>
            <param index="0">
              <value>
                <![CDATA[]]>
              </value>
            </param>
          </params>
          <reporter-output>
          </reporter-output>
        </test-method> <!-- setupDriver -->
        <test-method signature="loginWithValidData_P()[pri:1, instance:testcases.TC01_Login@4f1fb828]" started-at="2024-01-26T01:48:57 EET" name="loginWithValidData_P" description="Login with Valid Data" finished-at="2024-01-26T01:48:59 EET" duration-ms="2095" status="PASS">
          <reporter-output>
          </reporter-output>
        </test-method> <!-- loginWithValidData_P -->
        <test-method is-config="true" signature="getResult(org.testng.ITestResult)[pri:0, instance:testcases.TC01_Login@4f1fb828]" started-at="2024-01-26T01:48:59 EET" name="getResult" finished-at="2024-01-26T01:48:59 EET" duration-ms="8" status="PASS">
          <params>
            <param index="0">
              <value>
                <![CDATA[[TestResult name=loginWithValidData_P status=SUCCESS method=TC01_Login.loginWithValidData_P()[pri:1, instance:testcases.TC01_Login@4f1fb828] output={null}]]]>
              </value>
            </param>
          </params>
          <reporter-output>
          </reporter-output>
        </test-method> <!-- getResult -->
        <test-method is-config="true" signature="tearDown()[pri:0, instance:testcases.TC01_Login@4f1fb828]" started-at="2024-01-26T01:48:59 EET" name="tearDown" finished-at="2024-01-26T01:49:00 EET" duration-ms="185" status="PASS">
          <reporter-output>
          </reporter-output>
        </test-method> <!-- tearDown -->
        <test-method is-config="true" signature="endSuite()[pri:0, instance:testcases.TC01_Login@4f1fb828]" started-at="2024-01-26T01:49:00 EET" name="endSuite" finished-at="2024-01-26T01:49:00 EET" duration-ms="527" status="PASS">
          <reporter-output>
          </reporter-output>
        </test-method> <!-- endSuite -->
      </class> <!-- testcases.TC01_Login -->
    </test> <!-- Login With Valid Data -->
  </suite> <!-- All Test Suite (0) -->
  <suite started-at="2024-01-26T01:49:00 EET" name="All Test Suite (1)" finished-at="2024-01-26T01:49:05 EET" duration-ms="4832">
    <groups>
    </groups>
    <test started-at="2024-01-26T01:49:00 EET" name="Login With Valid Email" finished-at="2024-01-26T01:49:02 EET" duration-ms="1551">
      <class name="testcases.TC01_Login">
        <test-method is-config="true" signature="setupDriver(java.lang.String)[pri:0, instance:testcases.TC01_Login@4b41587d]" started-at="2024-01-26T01:49:00 EET" name="setupDriver" finished-at="2024-01-26T01:49:01 EET" duration-ms="1031" status="PASS">
          <params>
            <param index="0">
              <value>
                <![CDATA[]]>
              </value>
            </param>
          </params>
          <reporter-output>
          </reporter-output>
        </test-method> <!-- setupDriver -->
        <test-method signature="loginWithValidEmail_N()[pri:2, instance:testcases.TC01_Login@4b41587d]" started-at="2024-01-26T01:49:01 EET" name="loginWithValidEmail_N" description="Login with Valid Email and Invalid Password" finished-at="2024-01-26T01:49:02 EET" duration-ms="413" status="PASS">
          <reporter-output>
          </reporter-output>
        </test-method> <!-- loginWithValidEmail_N -->
        <test-method is-config="true" signature="getResult(org.testng.ITestResult)[pri:0, instance:testcases.TC01_Login@4b41587d]" started-at="2024-01-26T01:49:02 EET" name="getResult" finished-at="2024-01-26T01:49:02 EET" duration-ms="0" status="PASS">
          <params>
            <param index="0">
              <value>
                <![CDATA[[TestResult name=loginWithValidEmail_N status=SUCCESS method=TC01_Login.loginWithValidEmail_N()[pri:2, instance:testcases.TC01_Login@4b41587d] output={null}]]]>
              </value>
            </param>
          </params>
          <reporter-output>
          </reporter-output>
        </test-method> <!-- getResult -->
        <test-method is-config="true" signature="tearDown()[pri:0, instance:testcases.TC01_Login@4b41587d]" started-at="2024-01-26T01:49:02 EET" name="tearDown" finished-at="2024-01-26T01:49:02 EET" duration-ms="102" status="PASS">
          <reporter-output>
          </reporter-output>
        </test-method> <!-- tearDown -->
      </class> <!-- testcases.TC01_Login -->
    </test> <!-- Login With Valid Email -->
    <test started-at="2024-01-26T01:49:02 EET" name="Login With Valid Password" finished-at="2024-01-26T01:49:03 EET" duration-ms="1588">
      <class name="testcases.TC01_Login">
        <test-method is-config="true" signature="setupDriver(java.lang.String)[pri:0, instance:testcases.TC01_Login@33e0c716]" started-at="2024-01-26T01:49:02 EET" name="setupDriver" finished-at="2024-01-26T01:49:03 EET" duration-ms="1006" status="PASS">
          <params>
            <param index="0">
              <value>
                <![CDATA[]]>
              </value>
            </param>
          </params>
          <reporter-output>
          </reporter-output>
        </test-method> <!-- setupDriver -->
        <test-method signature="loginWithValidPassword_N()[pri:3, instance:testcases.TC01_Login@33e0c716]" started-at="2024-01-26T01:49:03 EET" name="loginWithValidPassword_N" description="Login with Invalid Email and Valid Password" finished-at="2024-01-26T01:49:03 EET" duration-ms="495" status="PASS">
          <reporter-output>
          </reporter-output>
        </test-method> <!-- loginWithValidPassword_N -->
        <test-method is-config="true" signature="getResult(org.testng.ITestResult)[pri:0, instance:testcases.TC01_Login@33e0c716]" started-at="2024-01-26T01:49:03 EET" name="getResult" finished-at="2024-01-26T01:49:03 EET" duration-ms="1" status="PASS">
          <params>
            <param index="0">
              <value>
                <![CDATA[[TestResult name=loginWithValidPassword_N status=SUCCESS method=TC01_Login.loginWithValidPassword_N()[pri:3, instance:testcases.TC01_Login@33e0c716] output={null}]]]>
              </value>
            </param>
          </params>
          <reporter-output>
          </reporter-output>
        </test-method> <!-- getResult -->
        <test-method is-config="true" signature="tearDown()[pri:0, instance:testcases.TC01_Login@33e0c716]" started-at="2024-01-26T01:49:03 EET" name="tearDown" finished-at="2024-01-26T01:49:03 EET" duration-ms="82" status="PASS">
          <reporter-output>
          </reporter-output>
        </test-method> <!-- tearDown -->
      </class> <!-- testcases.TC01_Login -->
    </test> <!-- Login With Valid Password -->
    <test started-at="2024-01-26T01:49:03 EET" name="Login With Invalid Data" finished-at="2024-01-26T01:49:05 EET" duration-ms="1685">
      <class name="testcases.TC01_Login">
        <test-method is-config="true" signature="defineSuite()[pri:0, instance:testcases.TC01_Login@7fd4e815]" started-at="2024-01-26T01:49:00 EET" name="defineSuite" finished-at="2024-01-26T01:49:00 EET" duration-ms="9" status="PASS">
          <reporter-output>
          </reporter-output>
        </test-method> <!-- defineSuite -->
        <test-method is-config="true" signature="setupDriver(java.lang.String)[pri:0, instance:testcases.TC01_Login@7fd4e815]" started-at="2024-01-26T01:49:03 EET" name="setupDriver" finished-at="2024-01-26T01:49:04 EET" duration-ms="1103" status="PASS">
          <params>
            <param index="0">
              <value>
                <![CDATA[]]>
              </value>
            </param>
          </params>
          <reporter-output>
          </reporter-output>
        </test-method> <!-- setupDriver -->
        <test-method signature="loginWithInvalidData_N()[pri:1, instance:testcases.TC01_Login@7fd4e815]" started-at="2024-01-26T01:49:04 EET" name="loginWithInvalidData_N" description="Login with Invalid Data" finished-at="2024-01-26T01:49:05 EET" duration-ms="461" status="PASS">
          <reporter-output>
          </reporter-output>
        </test-method> <!-- loginWithInvalidData_N -->
        <test-method is-config="true" signature="getResult(org.testng.ITestResult)[pri:0, instance:testcases.TC01_Login@7fd4e815]" started-at="2024-01-26T01:49:05 EET" name="getResult" finished-at="2024-01-26T01:49:05 EET" duration-ms="0" status="PASS">
          <params>
            <param index="0">
              <value>
                <![CDATA[[TestResult name=loginWithInvalidData_N status=SUCCESS method=TC01_Login.loginWithInvalidData_N()[pri:1, instance:testcases.TC01_Login@7fd4e815] output={null}]]]>
              </value>
            </param>
          </params>
          <reporter-output>
          </reporter-output>
        </test-method> <!-- getResult -->
        <test-method is-config="true" signature="tearDown()[pri:0, instance:testcases.TC01_Login@7fd4e815]" started-at="2024-01-26T01:49:05 EET" name="tearDown" finished-at="2024-01-26T01:49:05 EET" duration-ms="116" status="PASS">
          <reporter-output>
          </reporter-output>
        </test-method> <!-- tearDown -->
        <test-method is-config="true" signature="endSuite()[pri:0, instance:testcases.TC01_Login@7fd4e815]" started-at="2024-01-26T01:49:05 EET" name="endSuite" finished-at="2024-01-26T01:49:05 EET" duration-ms="163" status="PASS">
          <reporter-output>
          </reporter-output>
        </test-method> <!-- endSuite -->
      </class> <!-- testcases.TC01_Login -->
    </test> <!-- Login With Invalid Data -->
  </suite> <!-- All Test Suite (1) -->
  <suite started-at="2024-01-26T01:49:05 EET" name="All Test Suite (2)" finished-at="2024-01-26T01:49:21 EET" duration-ms="15883">
    <groups>
    </groups>
    <test started-at="2024-01-26T01:49:05 EET" name="Add Random Products To Cart" finished-at="2024-01-26T01:49:11 EET" duration-ms="5706">
      <class name="testcases.TC02_Products">
        <test-method is-config="true" signature="setupDriver(java.lang.String)[pri:0, instance:testcases.TC02_Products@50bb1c1f]" started-at="2024-01-26T01:49:05 EET" name="setupDriver" finished-at="2024-01-26T01:49:06 EET" duration-ms="1080" status="PASS">
          <params>
            <param index="0">
              <value>
                <![CDATA[]]>
              </value>
            </param>
          </params>
          <reporter-output>
          </reporter-output>
        </test-method> <!-- setupDriver -->
        <test-method signature="AddRandomProductsToCart_P()[pri:1, instance:testcases.TC02_Products@50bb1c1f]" started-at="2024-01-26T01:49:06 EET" name="AddRandomProductsToCart_P" description="Add Random Products To Cart" finished-at="2024-01-26T01:49:11 EET" duration-ms="4499" status="PASS">
          <reporter-output>
          </reporter-output>
        </test-method> <!-- AddRandomProductsToCart_P -->
        <test-method is-config="true" signature="getResult(org.testng.ITestResult)[pri:0, instance:testcases.TC02_Products@50bb1c1f]" started-at="2024-01-26T01:49:11 EET" name="getResult" finished-at="2024-01-26T01:49:11 EET" duration-ms="0" status="PASS">
          <params>
            <param index="0">
              <value>
                <![CDATA[[TestResult name=AddRandomProductsToCart_P status=SUCCESS method=TC02_Products.AddRandomProductsToCart_P()[pri:1, instance:testcases.TC02_Products@50bb1c1f] output={null}]]]>
              </value>
            </param>
          </params>
          <reporter-output>
          </reporter-output>
        </test-method> <!-- getResult -->
        <test-method is-config="true" signature="tearDown()[pri:0, instance:testcases.TC02_Products@50bb1c1f]" started-at="2024-01-26T01:49:11 EET" name="tearDown" finished-at="2024-01-26T01:49:11 EET" duration-ms="123" status="PASS">
          <reporter-output>
          </reporter-output>
        </test-method> <!-- tearDown -->
      </class> <!-- testcases.TC02_Products -->
    </test> <!-- Add Random Products To Cart -->
    <test started-at="2024-01-26T01:49:11 EET" name="Add Products To Cart" finished-at="2024-01-26T01:49:21 EET" duration-ms="10171">
      <class name="testcases.TC02_Products">
        <test-method is-config="true" signature="defineSuite()[pri:0, instance:testcases.TC02_Products@508f4bb5]" started-at="2024-01-26T01:49:05 EET" name="defineSuite" finished-at="2024-01-26T01:49:05 EET" duration-ms="7" status="PASS">
          <reporter-output>
          </reporter-output>
        </test-method> <!-- defineSuite -->
        <test-method is-config="true" signature="setupDriver(java.lang.String)[pri:0, instance:testcases.TC02_Products@508f4bb5]" started-at="2024-01-26T01:49:11 EET" name="setupDriver" finished-at="2024-01-26T01:49:15 EET" duration-ms="4132" status="PASS">
          <params>
            <param index="0">
              <value>
                <![CDATA[firefox]]>
              </value>
            </param>
          </params>
          <reporter-output>
          </reporter-output>
        </test-method> <!-- setupDriver -->
        <test-method signature="AddProductsToCart_P()[pri:2, instance:testcases.TC02_Products@508f4bb5]" started-at="2024-01-26T01:49:15 EET" name="AddProductsToCart_P" description="Add Products To Cart" finished-at="2024-01-26T01:49:19 EET" duration-ms="4180" status="PASS">
          <reporter-output>
          </reporter-output>
        </test-method> <!-- AddProductsToCart_P -->
        <test-method is-config="true" signature="getResult(org.testng.ITestResult)[pri:0, instance:testcases.TC02_Products@508f4bb5]" started-at="2024-01-26T01:49:19 EET" name="getResult" finished-at="2024-01-26T01:49:19 EET" duration-ms="0" status="PASS">
          <params>
            <param index="0">
              <value>
                <![CDATA[[TestResult name=AddProductsToCart_P status=SUCCESS method=TC02_Products.AddProductsToCart_P()[pri:2, instance:testcases.TC02_Products@508f4bb5] output={null}]]]>
              </value>
            </param>
          </params>
          <reporter-output>
          </reporter-output>
        </test-method> <!-- getResult -->
        <test-method is-config="true" signature="tearDown()[pri:0, instance:testcases.TC02_Products@508f4bb5]" started-at="2024-01-26T01:49:19 EET" name="tearDown" finished-at="2024-01-26T01:49:21 EET" duration-ms="1855" status="PASS">
          <reporter-output>
          </reporter-output>
        </test-method> <!-- tearDown -->
        <test-method is-config="true" signature="endSuite()[pri:0, instance:testcases.TC02_Products@508f4bb5]" started-at="2024-01-26T01:49:21 EET" name="endSuite" finished-at="2024-01-26T01:49:21 EET" duration-ms="133" status="PASS">
          <reporter-output>
          </reporter-output>
        </test-method> <!-- endSuite -->
      </class> <!-- testcases.TC02_Products -->
    </test> <!-- Add Products To Cart -->
  </suite> <!-- All Test Suite (2) -->
</testng-results>
